<?xml version="1.0" encoding="UTF-8" ?>
<testsuite tests="9" failures="0" name="adt.bst.BstTest" time="0.016" errors="0" skipped="0">
  <properties>
[...]
</properties>
  <testcase classname="adt.bst.BstTest" name="testSucessorPredecessor" time="0.007"/>
  <testcase classname="adt.bst.BstTest" name="customTest" time="0.004"/>
  <testcase classname="adt.bst.BstTest" name="testInit" time="0"/>
  <testcase classname="adt.bst.BstTest" name="testSize" time="0.004"/>
  <testcase classname="adt.bst.BstTest" name="meuTeste" time="0"/>
  <testcase classname="adt.bst.BstTest" name="testHeight" time="0"/>
  <testcase classname="adt.bst.BstTest" name="testMinMax" time="0"/>
  <testcase classname="adt.bst.BstTest" name="testRemove" time="0.001"/>
  <testcase classname="adt.bst.BstTest" name="testSearch" time="0"/>
</testsuite>